<?xml version="1.0" encoding="UTF-8"?>
<!-- Generated by org.testng.reporters.JUnitXMLReporter -->
<testsuite ignored="0" hostname="DESKTOP-PM9PVHF" failures="3" tests="13" name="Test" time="0.458" errors="0" timestamp="2024-11-27T12:00:29 IST">
  <testcase classname="com.google.main.Practice1" name="abc" time="0.012">
    <skipped/>
  </testcase> <!-- abc -->
  <testcase classname="com.google.main.Practice1" name="abc" time="0.011">
    <skipped/>
  </testcase> <!-- abc -->
  <testcase classname="com.google.main.Practice1" name="abc" time="0.003">
    <skipped/>
  </testcase> <!-- abc -->
  <testcase classname="com.google.main.Practice1" name="abc" time="0.006">
    <failure type="java.lang.ArithmeticException" message="/ by zero">
      <![CDATA[java.lang.ArithmeticException: / by zero
at com.google.main.Practice1.abc(Practice1.java:41)
at java.base/java.util.ArrayList.forEach(ArrayList.java:1511)
... Removed 27 stack frames]]>
    </failure>
  </testcase> <!-- abc -->
  <testcase classname="com.google.main.Practice1" name="def" time="0.014">
    <skipped/>
  </testcase> <!-- def -->
  <testcase classname="com.google.main.Practice1" name="def" time="0.005">
    <skipped/>
  </testcase> <!-- def -->
  <testcase classname="com.google.main.Practice1" name="def" time="0.004">
    <skipped/>
  </testcase> <!-- def -->
  <testcase classname="com.google.main.Practice1" name="def" time="0.003">
    <failure type="java.lang.ArithmeticException" message="/ by zero">
      <![CDATA[java.lang.ArithmeticException: / by zero
at com.google.main.Practice1.def(Practice1.java:57)
at java.base/java.util.ArrayList.forEach(ArrayList.java:1511)
... Removed 27 stack frames]]>
    </failure>
  </testcase> <!-- def -->
  <testcase classname="com.google.main.Practice1" name="fgh" time="0.005"/>
  <testcase classname="com.google.main.Practice1" name="xyz" time="0.006">
    <skipped/>
  </testcase> <!-- xyz -->
  <testcase classname="com.google.main.Practice1" name="xyz" time="0.006">
    <skipped/>
  </testcase> <!-- xyz -->
  <testcase classname="com.google.main.Practice1" name="xyz" time="0.004">
    <skipped/>
  </testcase> <!-- xyz -->
  <testcase classname="com.google.main.Practice1" name="xyz" time="0.005">
    <failure type="java.lang.ArithmeticException" message="/ by zero">
      <![CDATA[java.lang.ArithmeticException: / by zero
at com.google.main.Practice1.xyz(Practice1.java:48)
at java.base/java.util.ArrayList.forEach(ArrayList.java:1511)
... Removed 27 stack frames]]>
    </failure>
  </testcase> <!-- xyz -->
</testsuite> <!-- Test -->
