<?xml version="1.0" encoding="UTF-8"?>
<!-- Generated by org.testng.reporters.JUnitXMLReporter -->
<testsuite ignored="1" hostname="DESKTOP-PM9PVHF" failures="0" tests="3" name="Test2" time="0.096" errors="0" timestamp="2024-08-31T14:17:54 IST">
  <testcase classname="com.google.main.PracticeProgram" name="def" time="0.009"/>
  <testcase classname="com.google.main.PracticeProgram" name="def" time="0.008"/>
  <testcase classname="com.google.main.PracticeProgram" name="xyz" time="0.01"/>
  <testcase classname="com.google.main.PracticeProgram" name="abc" time="0.0">
    <ignored/>
  </testcase> <!-- abc -->
</testsuite> <!-- Test2 -->
