<?xml version="1.0" encoding="UTF-8"?>
<!-- Generated by org.testng.reporters.JUnitXMLReporter -->
<testsuite ignored="1" hostname="DESKTOP-PM9PVHF" failures="0" tests="3" name="Test" time="0.125" errors="0" timestamp="2024-10-20T11:55:07 IST">
  <testcase classname="com.google.main.PracticeProgram" name="abc" time="0.013"/>
  <testcase classname="com.google.main.PracticeProgram" name="def" time="0.003"/>
  <testcase classname="com.google.main.PracticeProgram" name="xyz" time="0.003"/>
  <testcase classname="com.google.main.PracticeProgram" name="fgh" time="0.0">
    <ignored/>
  </testcase> <!-- fgh -->
</testsuite> <!-- Test -->
