<?xml version="1.0" encoding="UTF-8"?>
<testng-results ignored="0" total="3" passed="3" failed="0" skipped="0">
  <reporter-output>
  </reporter-output>
  <suite started-at="2024-10-20T11:55:07 IST" name="Suite" finished-at="2024-10-20T11:55:07 IST" duration-ms="125">
    <groups>
      <group name="car">
        <method signature="PracticeProgram.xyz()[pri:0, instance:com.google.main.PracticeProgram@75437611]" name="xyz" class="com.google.main.PracticeProgram"/>
      </group> <!-- car -->
      <group name="bike">
        <method signature="PracticeProgram.abc()[pri:0, instance:com.google.main.PracticeProgram@75437611]" name="abc" class="com.google.main.PracticeProgram"/>
        <method signature="PracticeProgram.def()[pri:0, instance:com.google.main.PracticeProgram@75437611]" name="def" class="com.google.main.PracticeProgram"/>
      </group> <!-- bike -->
    </groups>
    <test started-at="2024-10-20T11:55:07 IST" name="Test" finished-at="2024-10-20T11:55:07 IST" duration-ms="125">
      <class name="com.google.main.PracticeProgram">
        <test-method signature="abc()[pri:0, instance:com.google.main.PracticeProgram@75437611]" started-at="2024-10-20T11:55:07 IST" name="abc" finished-at="2024-10-20T11:55:07 IST" duration-ms="13" status="PASS">
          <reporter-output>
          </reporter-output>
        </test-method> <!-- abc -->
        <test-method signature="def()[pri:0, instance:com.google.main.PracticeProgram@75437611]" started-at="2024-10-20T11:55:07 IST" name="def" finished-at="2024-10-20T11:55:07 IST" duration-ms="3" status="PASS">
          <reporter-output>
          </reporter-output>
        </test-method> <!-- def -->
        <test-method signature="xyz()[pri:0, instance:com.google.main.PracticeProgram@75437611]" started-at="2024-10-20T11:55:07 IST" name="xyz" finished-at="2024-10-20T11:55:07 IST" duration-ms="3" status="PASS">
          <reporter-output>
          </reporter-output>
        </test-method> <!-- xyz -->
      </class> <!-- com.google.main.PracticeProgram -->
    </test> <!-- Test -->
  </suite> <!-- Suite -->
</testng-results>
